<?xml version="1.0" encoding="UTF-8"?>
<!-- Generated by org.testng.reporters.JUnitReportReporter -->
<testsuite hostname="QSP" failures="0" tests="1" name="testscripts.Testcase1" time="13.607" errors="0" timestamp="2022-03-31T09:56:16 IST" skipped="0">
  <testcase classname="testscripts.Testcase1" name="tc1" time="13.607"/>
</testsuite> <!-- testscripts.Testcase1 -->
