<?xml version="1.0" encoding="UTF-8"?>
<!-- Generated by org.testng.reporters.JUnitReportReporter -->
<testsuite hostname="QSP" failures="0" tests="1" name="testscripts.Testcase3" time="26.086" errors="0" timestamp="2022-04-01T09:19:35 IST" skipped="0">
  <testcase classname="testscripts.Testcase3" name="tc3" time="26.086"/>
</testsuite> <!-- testscripts.Testcase3 -->
