<?xml version="1.0" encoding="UTF-8"?>
<!-- Generated by org.testng.reporters.JUnitReportReporter -->
<testsuite hostname="QSP" failures="0" tests="1" name="testscripts.Testcase2" time="61.641" errors="0" timestamp="2022-04-01T08:31:27 IST" skipped="0">
  <testcase classname="testscripts.Testcase2" name="tc2" time="61.641"/>
</testsuite> <!-- testscripts.Testcase2 -->
